<?xml version="1.0" encoding="UTF-8" ?>
<testsuite tests="7" failures="0" name="sorting.test.StudentSortingTest" time="0.215" errors="0" skipped="0">
  <properties>
[...]
</properties>
  <testcase classname="sorting.test.StudentSortingTest" name="testSort01" time="0.075"/>
  <testcase classname="sorting.test.StudentSortingTest" name="testSort02" time="0.013"/>
  <testcase classname="sorting.test.StudentSortingTest" name="testSort03" time="0.022"/>
  <testcase classname="sorting.test.StudentSortingTest" name="testSort04" time="0.004"/>
  <testcase classname="sorting.test.StudentSortingTest" name="testSort05" time="0.006"/>
  <testcase classname="sorting.test.StudentSortingTest" name="testSort06" time="0.003"/>
  <testcase classname="sorting.test.StudentSortingTest" name="testSort07" time="0.092"/>
</testsuite>