<?xml version="1.0" encoding="UTF-8" ?>
<testsuite tests="6" failures="0" name="adt.linkedList.StudentLinkedListTest" time="0.002" errors="0" skipped="0">
  <properties>
[...]
</properties>
  <testcase classname="adt.linkedList.StudentLinkedListTest" name="testToArray" time="0.002"/>
  <testcase classname="adt.linkedList.StudentLinkedListTest" name="testSize" time="0"/>
  <testcase classname="adt.linkedList.StudentLinkedListTest" name="testInsert" time="0"/>
  <testcase classname="adt.linkedList.StudentLinkedListTest" name="testIsEmpty" time="0"/>
  <testcase classname="adt.linkedList.StudentLinkedListTest" name="testRemove" time="0"/>
  <testcase classname="adt.linkedList.StudentLinkedListTest" name="testSearch" time="0"/>
</testsuite>